<?xml version="1.0" encoding="UTF-8"?>
<!-- Generated by org.testng.reporters.JUnitReportReporter -->
<testsuite hostname="pawan-PC" name="TestNg_DataProvider.TestngParameters" tests="1" failures="0" timestamp="1 Jan 2017 13:48:50 GMT" time="10.561" errors="0">
  <testcase name="test" time="10.561" classname="TestNg_DataProvider.TestngParameters"/>
</testsuite> <!-- TestNg_DataProvider.TestngParameters -->
