<?xml version="1.0" encoding="UTF-8"?>
<!-- Generated by org.testng.reporters.JUnitReportReporter -->
<testsuite hostname="pawan-PC" name="Day_1_BasicWebdriver.MyFirstChromeTest" tests="1" failures="0" timestamp="27 Dec 2016 15:06:26 GMT" time="8.076" errors="0">
  <testcase name="startWebDriver" time="8.076" classname="Day_1_BasicWebdriver.MyFirstChromeTest"/>
</testsuite> <!-- Day_1_BasicWebdriver.MyFirstChromeTest -->
