<?xml version="1.0" encoding="UTF-8"?>
<!-- Generated by org.testng.reporters.JUnitReportReporter -->
<testsuite hostname="pawan-PC" name="Day_3.Action" tests="1" failures="0" timestamp="28 Dec 2016 16:29:02 GMT" time="29.504" errors="0">
  <testcase name="startWebDriver" time="29.504" classname="Day_3.Action"/>
</testsuite> <!-- Day_3.Action -->
