<?xml version="1.0" encoding="UTF-8"?>
<!-- Generated by org.testng.reporters.JUnitReportReporter -->
<testsuite hostname="pawan-PC" name="POI.ExcelReadandWrite" tests="1" failures="0" timestamp="3 Jan 2017 17:22:06 GMT" time="2.868" errors="0">
  <testcase name="Test1" time="2.868" classname="POI.ExcelReadandWrite"/>
</testsuite> <!-- POI.ExcelReadandWrite -->
