<?xml version="1.0" encoding="UTF-8"?>
<!-- Generated by org.testng.reporters.JUnitReportReporter -->
<testsuite hostname="pawan-PC" name="TestNg.Grouping" tests="5" failures="0" timestamp="27 Dec 2016 14:56:59 GMT" time="0.006" errors="0">
  <testcase name="Sedan1" time="0.002" classname="TestNg.Grouping"/>
  <testcase name="Car1" time="0.001" classname="TestNg.Grouping"/>
  <testcase name="Scooter1" time="0.001" classname="TestNg.Grouping"/>
  <testcase name="Scooter2" time="0.001" classname="TestNg.Grouping"/>
  <testcase name="Car2" time="0.001" classname="TestNg.Grouping"/>
</testsuite> <!-- TestNg.Grouping -->
