<?xml version="1.0" encoding="UTF-8"?>
<!-- Generated by org.testng.reporters.JUnitReportReporter -->
<testsuite hostname="pawan-PC" name="TestNg_DataProvider.DataProviderTest" tests="2" failures="0" timestamp="1 Jan 2017 16:04:31 GMT" time="15.837" errors="0">
  <testcase name="test" time="6.817" classname="TestNg_DataProvider.DataProviderTest"/>
  <testcase name="test" time="9.020" classname="TestNg_DataProvider.DataProviderTest"/>
</testsuite> <!-- TestNg_DataProvider.DataProviderTest -->
