<?xml version="1.0" encoding="UTF-8"?>
<!-- Generated by org.testng.reporters.JUnitReportReporter -->
<testsuite hostname="pawan-PC" name="Day_1.MyFirstChromeTest" tests="1" failures="0" timestamp="25 Dec 2016 03:24:09 GMT" time="11.766" errors="0">
  <testcase name="startWebDriver" time="11.766" classname="Day_1.MyFirstChromeTest"/>
</testsuite> <!-- Day_1.MyFirstChromeTest -->
