<?xml version="1.0" encoding="UTF-8"?>
<!-- Generated by org.testng.reporters.JUnitReportReporter -->
<testsuite hostname="pawan-PC" name="TestNg.TestNg_priority" tests="3" failures="0" timestamp="27 Dec 2016 14:56:59 GMT" time="0.008" errors="0">
  <testcase name="Three" time="0.002" classname="TestNg.TestNg_priority"/>
  <testcase name="One" time="0.002" classname="TestNg.TestNg_priority"/>
  <testcase name="Two" time="0.004" classname="TestNg.TestNg_priority"/>
</testsuite> <!-- TestNg.TestNg_priority -->
