<?xml version="1.0" encoding="UTF-8"?>
<!-- Generated by org.testng.reporters.JUnitReportReporter -->
<testsuite hostname="pawan-PC" name="TestNg.MultipleTest" tests="3" failures="0" timestamp="26 Dec 2016 09:10:51 GMT" time="0.019" errors="0">
  <testcase name="One" time="0.013" classname="TestNg.MultipleTest"/>
  <testcase name="Two" time="0.001" classname="TestNg.MultipleTest"/>
  <testcase name="Three" time="0.005" classname="TestNg.MultipleTest"/>
</testsuite> <!-- TestNg.MultipleTest -->
