<?xml version="1.0" encoding="UTF-8"?>
<!-- Generated by org.testng.reporters.JUnitReportReporter -->
<testsuite hostname="pawan-PC" name="TestNg_DataProvider.TestngParameters" tests="1" failures="0" timestamp="4 Jan 2017 16:54:05 GMT" time="9.128" errors="0">
  <testcase name="test" time="9.128" classname="TestNg_DataProvider.TestngParameters"/>
</testsuite> <!-- TestNg_DataProvider.TestngParameters -->
