<?xml version="1.0" encoding="UTF-8"?>
<!-- Generated by org.testng.reporters.JUnitReportReporter -->
<testsuite hostname="pawan-PC" name="TestNg_DataProvider.DataProviderTest" tests="2" failures="0" timestamp="4 Jan 2017 16:37:44 GMT" time="23.602" errors="0">
  <testcase name="test" time="8.349" classname="TestNg_DataProvider.DataProviderTest"/>
  <testcase name="test" time="15.253" classname="TestNg_DataProvider.DataProviderTest"/>
</testsuite> <!-- TestNg_DataProvider.DataProviderTest -->
