<?xml version="1.0" encoding="UTF-8"?>
<!-- Generated by org.testng.reporters.JUnitReportReporter -->
<testsuite hostname="pawan-PC" name="Day_2.DropDown" tests="1" failures="0" timestamp="25 Dec 2016 04:19:44 GMT" time="7.700" errors="0">
  <testcase name="startWebDriver" time="7.700" classname="Day_2.DropDown"/>
</testsuite> <!-- Day_2.DropDown -->
