<?xml version="1.0" encoding="UTF-8"?>
<!-- Generated by org.testng.reporters.JUnitReportReporter -->
<testsuite hostname="pawan-PC" name="Day_3.SwitchTab" tests="1" failures="0" timestamp="28 Dec 2016 17:22:44 GMT" time="27.996" errors="0">
  <testcase name="startWebDriver" time="27.996" classname="Day_3.SwitchTab"/>
</testsuite> <!-- Day_3.SwitchTab -->
