<?xml version="1.0" encoding="UTF-8"?>
<!-- Generated by org.testng.reporters.JUnitReportReporter -->
<testsuite hostname="pawan-PC" name="TestNg.Basic_Ex1" tests="1" failures="0" timestamp="27 Dec 2016 14:56:59 GMT" time="0.005" errors="0">
  <testcase name="main" time="0.005" classname="TestNg.Basic_Ex1"/>
</testsuite> <!-- TestNg.Basic_Ex1 -->
