<?xml version="1.0" encoding="UTF-8"?>
<!-- Generated by org.testng.reporters.JUnitReportReporter -->
<testsuite hostname="pawan-PC" name="Day_2.RadioButton" tests="1" failures="0" timestamp="1 Jan 2017 15:57:58 GMT" time="28.618" errors="0">
  <testcase name="startWebDriver" time="28.618" classname="Day_2.RadioButton"/>
</testsuite> <!-- Day_2.RadioButton -->
