<?xml version="1.0" encoding="UTF-8"?>
<!-- Generated by org.testng.reporters.JUnitReportReporter -->
<testsuite hostname="pawan-PC" name="Day_2.Alert" tests="1" failures="0" timestamp="25 Dec 2016 10:04:25 GMT" time="15.267" errors="0">
  <testcase name="startWebDriver" time="15.267" classname="Day_2.Alert"/>
</testsuite> <!-- Day_2.Alert -->
