<?xml version="1.0" encoding="UTF-8"?>
<!-- Generated by org.testng.reporters.JUnitReportReporter -->
<testsuite hostname="pawan-PC" name="Extent_Reports.Extent_Reports_Demo" tests="1" failures="0" timestamp="1 Jan 2017 13:45:57 GMT" time="21.782" errors="0">
  <testcase name="VerifyHome" time="21.782" classname="Extent_Reports.Extent_Reports_Demo"/>
</testsuite> <!-- Extent_Reports.Extent_Reports_Demo -->
