<?xml version="1.0" encoding="UTF-8"?>
<!-- Generated by org.testng.reporters.JUnitReportReporter -->
<testsuite hostname="pawan-PC" name="TestNg.Dependent" tests="3" failures="0" timestamp="27 Dec 2016 14:56:59 GMT" time="0.005" errors="0">
  <testcase name="OpenBrowser" time="0.002" classname="TestNg.Dependent"/>
  <testcase name="LogOut" time="0.001" classname="TestNg.Dependent"/>
  <testcase name="SignIn" time="0.002" classname="TestNg.Dependent"/>
</testsuite> <!-- TestNg.Dependent -->
